2024-12-02T09:56:55.561+05:30  INFO 3340 --- [EmployeeModel] [main] c.e.e.EmployeeModelApplication           : Starting EmployeeModelApplication using Java 18.0.2 with PID 3340 (C:\Users\PUSHPAK\IdeaProjects\EmployeeModel\target\classes started by PUSHPAK in C:\Users\PUSHPAK\IdeaProjects\EmployeeModel)
2024-12-02T09:56:55.570+05:30 DEBUG 3340 --- [EmployeeModel] [main] c.e.e.EmployeeModelApplication           : Running with Spring Boot v3.3.5, Spring v6.1.14
2024-12-02T09:56:55.571+05:30  INFO 3340 --- [EmployeeModel] [main] c.e.e.EmployeeModelApplication           : The following 1 profile is active: "h2"
2024-12-02T09:56:56.563+05:30  INFO 3340 --- [EmployeeModel] [main] .s.d.r.c.RepositoryConfigurationDelegate : Bootstrapping Spring Data JPA repositories in DEFAULT mode.
2024-12-02T09:56:56.623+05:30  INFO 3340 --- [EmployeeModel] [main] .s.d.r.c.RepositoryConfigurationDelegate : Finished Spring Data repository scanning in 52 ms. Found 1 JPA repository interface.
2024-12-02T09:56:57.723+05:30  INFO 3340 --- [EmployeeModel] [main] o.s.b.w.embedded.tomcat.TomcatWebServer  : Tomcat initialized with port 8080 (http)
2024-12-02T09:56:57.745+05:30  INFO 3340 --- [EmployeeModel] [main] o.apache.catalina.core.StandardService   : Starting service [Tomcat]
2024-12-02T09:56:57.745+05:30  INFO 3340 --- [EmployeeModel] [main] o.apache.catalina.core.StandardEngine    : Starting Servlet engine: [Apache Tomcat/10.1.31]
2024-12-02T09:56:57.819+05:30  INFO 3340 --- [EmployeeModel] [main] o.a.c.c.C.[Tomcat].[localhost].[/]       : Initializing Spring embedded WebApplicationContext
2024-12-02T09:56:57.819+05:30  INFO 3340 --- [EmployeeModel] [main] w.s.c.ServletWebServerApplicationContext : Root WebApplicationContext: initialization completed in 2184 ms
2024-12-02T09:56:57.896+05:30  INFO 3340 --- [EmployeeModel] [main] com.zaxxer.hikari.HikariDataSource       : HikariPool-1 - Starting...
2024-12-02T09:56:58.130+05:30  INFO 3340 --- [EmployeeModel] [main] com.zaxxer.hikari.pool.HikariPool        : HikariPool-1 - Added connection conn0: url=jdbc:h2:mem:Employee_db user=SA
2024-12-02T09:56:58.132+05:30  INFO 3340 --- [EmployeeModel] [main] com.zaxxer.hikari.HikariDataSource       : HikariPool-1 - Start completed.
2024-12-02T09:56:58.143+05:30  INFO 3340 --- [EmployeeModel] [main] o.s.b.a.h2.H2ConsoleAutoConfiguration    : H2 console available at '/h2-console'. Database available at 'jdbc:h2:mem:Employee_db'
2024-12-02T09:56:58.399+05:30  INFO 3340 --- [EmployeeModel] [main] o.hibernate.jpa.internal.util.LogHelper  : HHH000204: Processing PersistenceUnitInfo [name: default]
2024-12-02T09:56:58.475+05:30  INFO 3340 --- [EmployeeModel] [main] org.hibernate.Version                    : HHH000412: Hibernate ORM core version 6.5.3.Final
2024-12-02T09:56:58.518+05:30  INFO 3340 --- [EmployeeModel] [main] o.h.c.internal.RegionFactoryInitiator    : HHH000026: Second-level cache disabled
2024-12-02T09:56:58.873+05:30  INFO 3340 --- [EmployeeModel] [main] o.s.o.j.p.SpringPersistenceUnitInfo      : No LoadTimeWeaver setup: ignoring JPA class transformer
2024-12-02T09:56:59.868+05:30  INFO 3340 --- [EmployeeModel] [main] o.h.e.t.j.p.i.JtaPlatformInitiator       : HHH000489: No JTA platform available (set 'hibernate.transaction.jta.platform' to enable JTA platform integration)
2024-12-02T09:56:59.911+05:30  INFO 3340 --- [EmployeeModel] [main] j.LocalContainerEntityManagerFactoryBean : Initialized JPA EntityManagerFactory for persistence unit 'default'
2024-12-02T09:57:00.569+05:30  WARN 3340 --- [EmployeeModel] [main] JpaBaseConfiguration$JpaWebConfiguration : spring.jpa.open-in-view is enabled by default. Therefore, database queries may be performed during view rendering. Explicitly configure spring.jpa.open-in-view to disable this warning
2024-12-02T09:57:01.381+05:30  INFO 3340 --- [EmployeeModel] [main] o.s.b.w.embedded.tomcat.TomcatWebServer  : Tomcat started on port 8080 (http) with context path '/'
2024-12-02T09:57:01.388+05:30  INFO 3340 --- [EmployeeModel] [main] c.e.e.EmployeeModelApplication           : Started EmployeeModelApplication in 6.385 seconds (process running for 6.937)
2024-12-02T09:57:01.391+05:30 ERROR 3340 --- [EmployeeModel] [main] c.e.e.EmployeeModelApplication           : Error
2024-12-02T09:57:01.391+05:30  INFO 3340 --- [EmployeeModel] [main] c.e.e.EmployeeModelApplication           : info
2024-12-02T09:57:01.391+05:30 DEBUG 3340 --- [EmployeeModel] [main] c.e.e.EmployeeModelApplication           : debug
2024-12-02T09:57:33.663+05:30  INFO 3340 --- [EmployeeModel] [http-nio-8080-exec-2] o.a.c.c.C.[Tomcat].[localhost].[/]       : Initializing Spring DispatcherServlet 'dispatcherServlet'
2024-12-02T09:57:33.664+05:30  INFO 3340 --- [EmployeeModel] [http-nio-8080-exec-2] o.s.web.servlet.DispatcherServlet        : Initializing Servlet 'dispatcherServlet'
2024-12-02T09:57:33.666+05:30  INFO 3340 --- [EmployeeModel] [http-nio-8080-exec-2] o.s.web.servlet.DispatcherServlet        : Completed initialization in 2 ms
2024-12-02T09:59:01.510+05:30  INFO 3340 --- [EmployeeModel] [http-nio-8080-exec-4] c.e.employeemodel.aspect.LoggingAspect   : Entering method: RequestDTO controller.com.example.MyController.addEmployee(RequestDTO) with arguments: [RequestDTO(emp_id=0, fName=Smit, lName=Deore, salary=75000.0, age=45, profilePic=https://example.com/profilepic.jpg, departments=[HR, Finance, Development], addresses=[Address(address_id=0, houseNo=123, street=Karanjad, city=Pune, state=ST Road, zipCode=10001, employee=null), Address(address_id=0, houseNo=456, street=Kumar surdhi, city=Los Angeles, state=CA, zipCode=90001, employee=null)], doj=null, notes=A highly skilled and diligent employee., gender=Male)]
2024-12-02T09:59:01.524+05:30 DEBUG 3340 --- [EmployeeModel] [http-nio-8080-exec-4] c.e.employeemodel.aspect.LoggingAspect   : Service method invoked: RequestDTO service.com.example.EmployeeServiceImp.addEmployee(RequestDTO) with arguments: [RequestDTO(emp_id=0, fName=Smit, lName=Deore, salary=75000.0, age=45, profilePic=https://example.com/profilepic.jpg, departments=[HR, Finance, Development], addresses=[Address(address_id=0, houseNo=123, street=Karanjad, city=Pune, state=ST Road, zipCode=10001, employee=null), Address(address_id=0, houseNo=456, street=Kumar surdhi, city=Los Angeles, state=CA, zipCode=90001, employee=null)], doj=null, notes=A highly skilled and diligent employee., gender=Male)]
2024-12-02T09:59:01.739+05:30 DEBUG 3340 --- [EmployeeModel] [http-nio-8080-exec-4] c.e.employeemodel.aspect.LoggingAspect   : Service method finished: RequestDTO service.com.example.EmployeeServiceImp.addEmployee(RequestDTO) with result: [FAILED toString()]
2024-12-02T09:59:01.763+05:30  INFO 3340 --- [EmployeeModel] [http-nio-8080-exec-4] c.e.employeemodel.aspect.LoggingAspect   : Exiting method: RequestDTO controller.com.example.MyController.addEmployee(RequestDTO) with result: [FAILED toString()]
2024-12-02T09:59:02.896+05:30  INFO 3340 --- [EmployeeModel] [http-nio-8080-exec-5] c.e.employeemodel.aspect.LoggingAspect   : Entering method: RequestDTO controller.com.example.MyController.addEmployee(RequestDTO) with arguments: [RequestDTO(emp_id=0, fName=Smit, lName=Deore, salary=75000.0, age=45, profilePic=https://example.com/profilepic.jpg, departments=[HR, Finance, Development], addresses=[Address(address_id=0, houseNo=123, street=Karanjad, city=Pune, state=ST Road, zipCode=10001, employee=null), Address(address_id=0, houseNo=456, street=Kumar surdhi, city=Los Angeles, state=CA, zipCode=90001, employee=null)], doj=null, notes=A highly skilled and diligent employee., gender=Male)]
2024-12-02T09:59:02.898+05:30 DEBUG 3340 --- [EmployeeModel] [http-nio-8080-exec-5] c.e.employeemodel.aspect.LoggingAspect   : Service method invoked: RequestDTO service.com.example.EmployeeServiceImp.addEmployee(RequestDTO) with arguments: [RequestDTO(emp_id=0, fName=Smit, lName=Deore, salary=75000.0, age=45, profilePic=https://example.com/profilepic.jpg, departments=[HR, Finance, Development], addresses=[Address(address_id=0, houseNo=123, street=Karanjad, city=Pune, state=ST Road, zipCode=10001, employee=null), Address(address_id=0, houseNo=456, street=Kumar surdhi, city=Los Angeles, state=CA, zipCode=90001, employee=null)], doj=null, notes=A highly skilled and diligent employee., gender=Male)]
2024-12-02T09:59:02.902+05:30 DEBUG 3340 --- [EmployeeModel] [http-nio-8080-exec-5] c.e.employeemodel.aspect.LoggingAspect   : Service method finished: RequestDTO service.com.example.EmployeeServiceImp.addEmployee(RequestDTO) with result: [FAILED toString()]
2024-12-02T09:59:02.910+05:30  INFO 3340 --- [EmployeeModel] [http-nio-8080-exec-5] c.e.employeemodel.aspect.LoggingAspect   : Exiting method: RequestDTO controller.com.example.MyController.addEmployee(RequestDTO) with result: [FAILED toString()]
2024-12-02T09:59:03.882+05:30  INFO 3340 --- [EmployeeModel] [http-nio-8080-exec-6] c.e.employeemodel.aspect.LoggingAspect   : Entering method: RequestDTO controller.com.example.MyController.addEmployee(RequestDTO) with arguments: [RequestDTO(emp_id=0, fName=Smit, lName=Deore, salary=75000.0, age=45, profilePic=https://example.com/profilepic.jpg, departments=[HR, Finance, Development], addresses=[Address(address_id=0, houseNo=123, street=Karanjad, city=Pune, state=ST Road, zipCode=10001, employee=null), Address(address_id=0, houseNo=456, street=Kumar surdhi, city=Los Angeles, state=CA, zipCode=90001, employee=null)], doj=null, notes=A highly skilled and diligent employee., gender=Male)]
2024-12-02T09:59:03.882+05:30 DEBUG 3340 --- [EmployeeModel] [http-nio-8080-exec-6] c.e.employeemodel.aspect.LoggingAspect   : Service method invoked: RequestDTO service.com.example.EmployeeServiceImp.addEmployee(RequestDTO) with arguments: [RequestDTO(emp_id=0, fName=Smit, lName=Deore, salary=75000.0, age=45, profilePic=https://example.com/profilepic.jpg, departments=[HR, Finance, Development], addresses=[Address(address_id=0, houseNo=123, street=Karanjad, city=Pune, state=ST Road, zipCode=10001, employee=null), Address(address_id=0, houseNo=456, street=Kumar surdhi, city=Los Angeles, state=CA, zipCode=90001, employee=null)], doj=null, notes=A highly skilled and diligent employee., gender=Male)]
2024-12-02T09:59:03.888+05:30 DEBUG 3340 --- [EmployeeModel] [http-nio-8080-exec-6] c.e.employeemodel.aspect.LoggingAspect   : Service method finished: RequestDTO service.com.example.EmployeeServiceImp.addEmployee(RequestDTO) with result: [FAILED toString()]
2024-12-02T09:59:03.894+05:30  INFO 3340 --- [EmployeeModel] [http-nio-8080-exec-6] c.e.employeemodel.aspect.LoggingAspect   : Exiting method: RequestDTO controller.com.example.MyController.addEmployee(RequestDTO) with result: [FAILED toString()]
2024-12-02T10:01:17.596+05:30  INFO 3340 --- [EmployeeModel] [http-nio-8080-exec-9] c.e.employeemodel.aspect.LoggingAspect   : Entering method: RequestDTO controller.com.example.MyController.getEmployeeById(long) with arguments: [1]
2024-12-02T10:01:17.597+05:30 DEBUG 3340 --- [EmployeeModel] [http-nio-8080-exec-9] c.e.employeemodel.aspect.LoggingAspect   : Service method invoked: RequestDTO service.com.example.EmployeeServiceImp.getEmployeeById(long) with arguments: [1]
2024-12-02T10:01:17.657+05:30 DEBUG 3340 --- [EmployeeModel] [http-nio-8080-exec-9] c.e.employeemodel.aspect.LoggingAspect   : Service method finished: RequestDTO service.com.example.EmployeeServiceImp.getEmployeeById(long) with result: [FAILED toString()]
2024-12-02T10:01:17.665+05:30  INFO 3340 --- [EmployeeModel] [http-nio-8080-exec-9] c.e.employeemodel.aspect.LoggingAspect   : Exiting method: RequestDTO controller.com.example.MyController.getEmployeeById(long) with result: [FAILED toString()]
2024-12-02T10:01:24.805+05:30  INFO 3340 --- [EmployeeModel] [http-nio-8080-exec-10] c.e.employeemodel.aspect.LoggingAspect   : Entering method: List controller.com.example.MyController.getAllEmployee() with arguments: []
2024-12-02T10:01:24.806+05:30 DEBUG 3340 --- [EmployeeModel] [http-nio-8080-exec-10] c.e.employeemodel.aspect.LoggingAspect   : Service method invoked: List service.com.example.EmployeeServiceImp.getAllEmployee() with arguments: []
2024-12-02T10:01:24.941+05:30 DEBUG 3340 --- [EmployeeModel] [http-nio-8080-exec-10] c.e.employeemodel.aspect.LoggingAspect   : Service method finished: List service.com.example.EmployeeServiceImp.getAllEmployee() with result: [FAILED toString()]
2024-12-02T10:01:24.948+05:30  INFO 3340 --- [EmployeeModel] [http-nio-8080-exec-10] c.e.employeemodel.aspect.LoggingAspect   : Exiting method: List controller.com.example.MyController.getAllEmployee() with result: [FAILED toString()]
2024-12-02T10:06:04.390+05:30  INFO 3340 --- [EmployeeModel] [http-nio-8080-exec-9] c.e.employeemodel.aspect.LoggingAspect   : Entering method: RequestDTO controller.com.example.MyController.getEmployeeById(long) with arguments: [10]
2024-12-02T10:06:04.390+05:30 DEBUG 3340 --- [EmployeeModel] [http-nio-8080-exec-9] c.e.employeemodel.aspect.LoggingAspect   : Service method invoked: RequestDTO service.com.example.EmployeeServiceImp.getEmployeeById(long) with arguments: [10]
2024-12-02T10:06:04.394+05:30 ERROR 3340 --- [EmployeeModel] [http-nio-8080-exec-9] c.e.employeemodel.aspect.LoggingAspect   : Exception in method: RequestDTO controller.com.example.MyController.getEmployeeById(long) with message: ID not found
2024-12-02T10:09:29.738+05:30  INFO 3340 --- [EmployeeModel] [http-nio-8080-exec-2] c.e.employeemodel.aspect.LoggingAspect   : Entering method: List controller.com.example.MyController.getAllEmployee() with arguments: []
2024-12-02T10:09:29.738+05:30 DEBUG 3340 --- [EmployeeModel] [http-nio-8080-exec-2] c.e.employeemodel.aspect.LoggingAspect   : Service method invoked: List service.com.example.EmployeeServiceImp.getAllEmployee() with arguments: []
2024-12-02T10:09:29.746+05:30 DEBUG 3340 --- [EmployeeModel] [http-nio-8080-exec-2] c.e.employeemodel.aspect.LoggingAspect   : Service method finished: List service.com.example.EmployeeServiceImp.getAllEmployee() with result: [FAILED toString()]
2024-12-02T10:09:29.753+05:30  INFO 3340 --- [EmployeeModel] [http-nio-8080-exec-2] c.e.employeemodel.aspect.LoggingAspect   : Exiting method: List controller.com.example.MyController.getAllEmployee() with result: [FAILED toString()]
2024-12-02T10:19:48.966+05:30  INFO 3340 --- [EmployeeModel] [SpringApplicationShutdownHook] j.LocalContainerEntityManagerFactoryBean : Closing JPA EntityManagerFactory for persistence unit 'default'
2024-12-02T10:19:48.973+05:30  INFO 3340 --- [EmployeeModel] [SpringApplicationShutdownHook] com.zaxxer.hikari.HikariDataSource       : HikariPool-1 - Shutdown initiated...
2024-12-02T10:19:48.976+05:30  INFO 3340 --- [EmployeeModel] [SpringApplicationShutdownHook] com.zaxxer.hikari.HikariDataSource       : HikariPool-1 - Shutdown completed.
2024-12-02T11:43:04.718+05:30  INFO 10680 --- [EmployeeModel] [main] com.example.EmployeeModelApplication     : Starting EmployeeModelApplication using Java 18.0.2 with PID 10680 (C:\Users\PUSHPAK\IdeaProjects\EmployeeModel\target\classes started by PUSHPAK in C:\Users\PUSHPAK\IdeaProjects\EmployeeModel)
2024-12-02T11:43:04.720+05:30 DEBUG 10680 --- [EmployeeModel] [main] com.example.EmployeeModelApplication     : Running with Spring Boot v3.3.5, Spring v6.1.14
2024-12-02T11:43:04.721+05:30  INFO 10680 --- [EmployeeModel] [main] com.example.EmployeeModelApplication     : The following 1 profile is active: "h2"
2024-12-02T11:43:05.679+05:30  INFO 10680 --- [EmployeeModel] [main] .s.d.r.c.RepositoryConfigurationDelegate : Bootstrapping Spring Data JPA repositories in DEFAULT mode.
2024-12-02T11:43:05.742+05:30  INFO 10680 --- [EmployeeModel] [main] .s.d.r.c.RepositoryConfigurationDelegate : Finished Spring Data repository scanning in 53 ms. Found 1 JPA repository interface.
2024-12-02T11:43:06.749+05:30  INFO 10680 --- [EmployeeModel] [main] o.s.b.w.embedded.tomcat.TomcatWebServer  : Tomcat initialized with port 8080 (http)
2024-12-02T11:43:06.774+05:30  INFO 10680 --- [EmployeeModel] [main] o.apache.catalina.core.StandardService   : Starting service [Tomcat]
2024-12-02T11:43:06.774+05:30  INFO 10680 --- [EmployeeModel] [main] o.apache.catalina.core.StandardEngine    : Starting Servlet engine: [Apache Tomcat/10.1.31]
2024-12-02T11:43:06.898+05:30  INFO 10680 --- [EmployeeModel] [main] o.a.c.c.C.[Tomcat].[localhost].[/]       : Initializing Spring embedded WebApplicationContext
2024-12-02T11:43:06.899+05:30  INFO 10680 --- [EmployeeModel] [main] w.s.c.ServletWebServerApplicationContext : Root WebApplicationContext: initialization completed in 2116 ms
2024-12-02T11:43:07.028+05:30  INFO 10680 --- [EmployeeModel] [main] com.zaxxer.hikari.HikariDataSource       : HikariPool-1 - Starting...
2024-12-02T11:43:07.327+05:30  INFO 10680 --- [EmployeeModel] [main] com.zaxxer.hikari.pool.HikariPool        : HikariPool-1 - Added connection conn0: url=jdbc:h2:mem:Employee_db user=SA
2024-12-02T11:43:07.328+05:30  INFO 10680 --- [EmployeeModel] [main] com.zaxxer.hikari.HikariDataSource       : HikariPool-1 - Start completed.
2024-12-02T11:43:07.341+05:30  INFO 10680 --- [EmployeeModel] [main] o.s.b.a.h2.H2ConsoleAutoConfiguration    : H2 console available at '/h2-console'. Database available at 'jdbc:h2:mem:Employee_db'
2024-12-02T11:43:07.712+05:30  INFO 10680 --- [EmployeeModel] [main] o.hibernate.jpa.internal.util.LogHelper  : HHH000204: Processing PersistenceUnitInfo [name: default]
2024-12-02T11:43:07.787+05:30  INFO 10680 --- [EmployeeModel] [main] org.hibernate.Version                    : HHH000412: Hibernate ORM core version 6.5.3.Final
2024-12-02T11:43:07.841+05:30  INFO 10680 --- [EmployeeModel] [main] o.h.c.internal.RegionFactoryInitiator    : HHH000026: Second-level cache disabled
2024-12-02T11:43:08.489+05:30  INFO 10680 --- [EmployeeModel] [main] o.s.o.j.p.SpringPersistenceUnitInfo      : No LoadTimeWeaver setup: ignoring JPA class transformer
2024-12-02T11:43:09.747+05:30  INFO 10680 --- [EmployeeModel] [main] o.h.e.t.j.p.i.JtaPlatformInitiator       : HHH000489: No JTA platform available (set 'hibernate.transaction.jta.platform' to enable JTA platform integration)
2024-12-02T11:43:09.794+05:30  INFO 10680 --- [EmployeeModel] [main] j.LocalContainerEntityManagerFactoryBean : Initialized JPA EntityManagerFactory for persistence unit 'default'
2024-12-02T11:43:11.167+05:30  WARN 10680 --- [EmployeeModel] [main] JpaBaseConfiguration$JpaWebConfiguration : spring.jpa.open-in-view is enabled by default. Therefore, database queries may be performed during view rendering. Explicitly configure spring.jpa.open-in-view to disable this warning
2024-12-02T11:43:12.180+05:30  INFO 10680 --- [EmployeeModel] [main] o.s.b.w.embedded.tomcat.TomcatWebServer  : Tomcat started on port 8080 (http) with context path '/'
2024-12-02T11:43:12.189+05:30  INFO 10680 --- [EmployeeModel] [main] com.example.EmployeeModelApplication     : Started EmployeeModelApplication in 8.0 seconds (process running for 8.515)
2024-12-02T11:43:12.192+05:30 ERROR 10680 --- [EmployeeModel] [main] com.example.EmployeeModelApplication     : Error
2024-12-02T11:43:12.192+05:30  INFO 10680 --- [EmployeeModel] [main] com.example.EmployeeModelApplication     : info
2024-12-02T11:43:12.192+05:30 DEBUG 10680 --- [EmployeeModel] [main] com.example.EmployeeModelApplication     : debug
2024-12-02T11:43:19.065+05:30  INFO 10680 --- [EmployeeModel] [http-nio-8080-exec-1] o.a.c.c.C.[Tomcat].[localhost].[/]       : Initializing Spring DispatcherServlet 'dispatcherServlet'
2024-12-02T11:43:19.066+05:30  INFO 10680 --- [EmployeeModel] [http-nio-8080-exec-1] o.s.web.servlet.DispatcherServlet        : Initializing Servlet 'dispatcherServlet'
2024-12-02T11:43:19.069+05:30  INFO 10680 --- [EmployeeModel] [http-nio-8080-exec-1] o.s.web.servlet.DispatcherServlet        : Completed initialization in 2 ms
2024-12-02T11:43:19.335+05:30  INFO 10680 --- [EmployeeModel] [http-nio-8080-exec-1] com.example.aspect.LoggingAspect         : Entering method: RequestDTO com.example.controller.MyController.addEmployee(RequestDTO) with arguments: [RequestDTO(emp_id=0, fName=Smit, lName=Deore, salary=75000.0, age=45, profilePic=https://example.com/profilepic.jpg, departments=[HR, Finance, Development], addresses=[Address(address_id=0, houseNo=123, street=Karanjad, city=Pune, state=ST Road, zipCode=10001, employee=null), Address(address_id=0, houseNo=456, street=Kumar surdhi, city=Los Angeles, state=CA, zipCode=90001, employee=null)], doj=null, notes=A highly skilled and diligent employee., gender=Male)]
2024-12-02T11:43:19.348+05:30 DEBUG 10680 --- [EmployeeModel] [http-nio-8080-exec-1] com.example.aspect.LoggingAspect         : Service method invoked: RequestDTO com.example.service.EmployeeServiceImp.addEmployee(RequestDTO) with arguments: [RequestDTO(emp_id=0, fName=Smit, lName=Deore, salary=75000.0, age=45, profilePic=https://example.com/profilepic.jpg, departments=[HR, Finance, Development], addresses=[Address(address_id=0, houseNo=123, street=Karanjad, city=Pune, state=ST Road, zipCode=10001, employee=null), Address(address_id=0, houseNo=456, street=Kumar surdhi, city=Los Angeles, state=CA, zipCode=90001, employee=null)], doj=null, notes=A highly skilled and diligent employee., gender=Male)]
2024-12-02T11:43:19.478+05:30 DEBUG 10680 --- [EmployeeModel] [http-nio-8080-exec-1] com.example.aspect.LoggingAspect         : Service method finished: RequestDTO com.example.service.EmployeeServiceImp.addEmployee(RequestDTO) with result: [FAILED toString()]
2024-12-02T11:43:19.499+05:30  INFO 10680 --- [EmployeeModel] [http-nio-8080-exec-1] com.example.aspect.LoggingAspect         : Exiting method: RequestDTO com.example.controller.MyController.addEmployee(RequestDTO) with result: [FAILED toString()]
2024-12-02T11:43:20.682+05:30  INFO 10680 --- [EmployeeModel] [http-nio-8080-exec-3] com.example.aspect.LoggingAspect         : Entering method: RequestDTO com.example.controller.MyController.addEmployee(RequestDTO) with arguments: [RequestDTO(emp_id=0, fName=Smit, lName=Deore, salary=75000.0, age=45, profilePic=https://example.com/profilepic.jpg, departments=[HR, Finance, Development], addresses=[Address(address_id=0, houseNo=123, street=Karanjad, city=Pune, state=ST Road, zipCode=10001, employee=null), Address(address_id=0, houseNo=456, street=Kumar surdhi, city=Los Angeles, state=CA, zipCode=90001, employee=null)], doj=null, notes=A highly skilled and diligent employee., gender=Male)]
2024-12-02T11:43:20.682+05:30 DEBUG 10680 --- [EmployeeModel] [http-nio-8080-exec-3] com.example.aspect.LoggingAspect         : Service method invoked: RequestDTO com.example.service.EmployeeServiceImp.addEmployee(RequestDTO) with arguments: [RequestDTO(emp_id=0, fName=Smit, lName=Deore, salary=75000.0, age=45, profilePic=https://example.com/profilepic.jpg, departments=[HR, Finance, Development], addresses=[Address(address_id=0, houseNo=123, street=Karanjad, city=Pune, state=ST Road, zipCode=10001, employee=null), Address(address_id=0, houseNo=456, street=Kumar surdhi, city=Los Angeles, state=CA, zipCode=90001, employee=null)], doj=null, notes=A highly skilled and diligent employee., gender=Male)]
2024-12-02T11:43:20.687+05:30 DEBUG 10680 --- [EmployeeModel] [http-nio-8080-exec-3] com.example.aspect.LoggingAspect         : Service method finished: RequestDTO com.example.service.EmployeeServiceImp.addEmployee(RequestDTO) with result: [FAILED toString()]
2024-12-02T11:43:20.695+05:30  INFO 10680 --- [EmployeeModel] [http-nio-8080-exec-3] com.example.aspect.LoggingAspect         : Exiting method: RequestDTO com.example.controller.MyController.addEmployee(RequestDTO) with result: [FAILED toString()]
2024-12-02T11:43:21.554+05:30  INFO 10680 --- [EmployeeModel] [http-nio-8080-exec-4] com.example.aspect.LoggingAspect         : Entering method: RequestDTO com.example.controller.MyController.addEmployee(RequestDTO) with arguments: [RequestDTO(emp_id=0, fName=Smit, lName=Deore, salary=75000.0, age=45, profilePic=https://example.com/profilepic.jpg, departments=[HR, Finance, Development], addresses=[Address(address_id=0, houseNo=123, street=Karanjad, city=Pune, state=ST Road, zipCode=10001, employee=null), Address(address_id=0, houseNo=456, street=Kumar surdhi, city=Los Angeles, state=CA, zipCode=90001, employee=null)], doj=null, notes=A highly skilled and diligent employee., gender=Male)]
2024-12-02T11:43:21.554+05:30 DEBUG 10680 --- [EmployeeModel] [http-nio-8080-exec-4] com.example.aspect.LoggingAspect         : Service method invoked: RequestDTO com.example.service.EmployeeServiceImp.addEmployee(RequestDTO) with arguments: [RequestDTO(emp_id=0, fName=Smit, lName=Deore, salary=75000.0, age=45, profilePic=https://example.com/profilepic.jpg, departments=[HR, Finance, Development], addresses=[Address(address_id=0, houseNo=123, street=Karanjad, city=Pune, state=ST Road, zipCode=10001, employee=null), Address(address_id=0, houseNo=456, street=Kumar surdhi, city=Los Angeles, state=CA, zipCode=90001, employee=null)], doj=null, notes=A highly skilled and diligent employee., gender=Male)]
2024-12-02T11:43:21.558+05:30 DEBUG 10680 --- [EmployeeModel] [http-nio-8080-exec-4] com.example.aspect.LoggingAspect         : Service method finished: RequestDTO com.example.service.EmployeeServiceImp.addEmployee(RequestDTO) with result: [FAILED toString()]
2024-12-02T11:43:21.564+05:30  INFO 10680 --- [EmployeeModel] [http-nio-8080-exec-4] com.example.aspect.LoggingAspect         : Exiting method: RequestDTO com.example.controller.MyController.addEmployee(RequestDTO) with result: [FAILED toString()]
2024-12-02T11:43:22.269+05:30  INFO 10680 --- [EmployeeModel] [http-nio-8080-exec-5] com.example.aspect.LoggingAspect         : Entering method: RequestDTO com.example.controller.MyController.addEmployee(RequestDTO) with arguments: [RequestDTO(emp_id=0, fName=Smit, lName=Deore, salary=75000.0, age=45, profilePic=https://example.com/profilepic.jpg, departments=[HR, Finance, Development], addresses=[Address(address_id=0, houseNo=123, street=Karanjad, city=Pune, state=ST Road, zipCode=10001, employee=null), Address(address_id=0, houseNo=456, street=Kumar surdhi, city=Los Angeles, state=CA, zipCode=90001, employee=null)], doj=null, notes=A highly skilled and diligent employee., gender=Male)]
2024-12-02T11:43:22.269+05:30 DEBUG 10680 --- [EmployeeModel] [http-nio-8080-exec-5] com.example.aspect.LoggingAspect         : Service method invoked: RequestDTO com.example.service.EmployeeServiceImp.addEmployee(RequestDTO) with arguments: [RequestDTO(emp_id=0, fName=Smit, lName=Deore, salary=75000.0, age=45, profilePic=https://example.com/profilepic.jpg, departments=[HR, Finance, Development], addresses=[Address(address_id=0, houseNo=123, street=Karanjad, city=Pune, state=ST Road, zipCode=10001, employee=null), Address(address_id=0, houseNo=456, street=Kumar surdhi, city=Los Angeles, state=CA, zipCode=90001, employee=null)], doj=null, notes=A highly skilled and diligent employee., gender=Male)]
2024-12-02T11:43:22.273+05:30 DEBUG 10680 --- [EmployeeModel] [http-nio-8080-exec-5] com.example.aspect.LoggingAspect         : Service method finished: RequestDTO com.example.service.EmployeeServiceImp.addEmployee(RequestDTO) with result: [FAILED toString()]
2024-12-02T11:43:22.283+05:30  INFO 10680 --- [EmployeeModel] [http-nio-8080-exec-5] com.example.aspect.LoggingAspect         : Exiting method: RequestDTO com.example.controller.MyController.addEmployee(RequestDTO) with result: [FAILED toString()]
2024-12-02T11:43:29.582+05:30  INFO 10680 --- [EmployeeModel] [http-nio-8080-exec-6] com.example.aspect.LoggingAspect         : Entering method: RequestDTO com.example.controller.MyController.getEmployeeById(long) with arguments: [1]
2024-12-02T11:43:29.583+05:30 DEBUG 10680 --- [EmployeeModel] [http-nio-8080-exec-6] com.example.aspect.LoggingAspect         : Service method invoked: RequestDTO com.example.service.EmployeeServiceImp.getEmployeeById(long) with arguments: [1]
2024-12-02T11:43:29.634+05:30 DEBUG 10680 --- [EmployeeModel] [http-nio-8080-exec-6] com.example.aspect.LoggingAspect         : Service method finished: RequestDTO com.example.service.EmployeeServiceImp.getEmployeeById(long) with result: [FAILED toString()]
2024-12-02T11:43:29.645+05:30  INFO 10680 --- [EmployeeModel] [http-nio-8080-exec-6] com.example.aspect.LoggingAspect         : Exiting method: RequestDTO com.example.controller.MyController.getEmployeeById(long) with result: [FAILED toString()]
2024-12-02T11:43:36.943+05:30  INFO 10680 --- [EmployeeModel] [http-nio-8080-exec-7] com.example.aspect.LoggingAspect         : Entering method: void com.example.controller.MyController.deleteEmplyeeById(long) with arguments: [3]
2024-12-02T11:43:36.943+05:30 DEBUG 10680 --- [EmployeeModel] [http-nio-8080-exec-7] com.example.aspect.LoggingAspect         : Service method invoked: void com.example.service.EmployeeServiceImp.deleteEmployeeById(long) with arguments: [3]
2024-12-02T11:43:36.960+05:30 DEBUG 10680 --- [EmployeeModel] [http-nio-8080-exec-7] com.example.aspect.LoggingAspect         : Service method finished: void com.example.service.EmployeeServiceImp.deleteEmployeeById(long) with result: null
2024-12-02T11:43:36.960+05:30  INFO 10680 --- [EmployeeModel] [http-nio-8080-exec-7] com.example.aspect.LoggingAspect         : Exiting method: void com.example.controller.MyController.deleteEmplyeeById(long) with result: null
2024-12-02T11:43:53.162+05:30  INFO 10680 --- [EmployeeModel] [http-nio-8080-exec-8] com.example.aspect.LoggingAspect         : Entering method: List com.example.controller.MyController.getAllEmployee() with arguments: []
2024-12-02T11:43:53.162+05:30 DEBUG 10680 --- [EmployeeModel] [http-nio-8080-exec-8] com.example.aspect.LoggingAspect         : Service method invoked: List com.example.service.EmployeeServiceImp.getAllEmployee() with arguments: []
2024-12-02T11:43:53.273+05:30 DEBUG 10680 --- [EmployeeModel] [http-nio-8080-exec-8] com.example.aspect.LoggingAspect         : Service method finished: List com.example.service.EmployeeServiceImp.getAllEmployee() with result: [FAILED toString()]
2024-12-02T11:43:53.280+05:30  INFO 10680 --- [EmployeeModel] [http-nio-8080-exec-8] com.example.aspect.LoggingAspect         : Exiting method: List com.example.controller.MyController.getAllEmployee() with result: [FAILED toString()]
2024-12-02T11:43:59.499+05:30  INFO 10680 --- [EmployeeModel] [http-nio-8080-exec-9] com.example.aspect.LoggingAspect         : Entering method: RequestDTO com.example.controller.MyController.getEmployeeById(long) with arguments: [10]
2024-12-02T11:43:59.499+05:30 DEBUG 10680 --- [EmployeeModel] [http-nio-8080-exec-9] com.example.aspect.LoggingAspect         : Service method invoked: RequestDTO com.example.service.EmployeeServiceImp.getEmployeeById(long) with arguments: [10]
2024-12-02T11:43:59.502+05:30 ERROR 10680 --- [EmployeeModel] [http-nio-8080-exec-9] com.example.aspect.LoggingAspect         : Exception in method: RequestDTO com.example.controller.MyController.getEmployeeById(long) with message: ID not found
2024-12-02T11:49:56.322+05:30  INFO 10680 --- [EmployeeModel] [SpringApplicationShutdownHook] j.LocalContainerEntityManagerFactoryBean : Closing JPA EntityManagerFactory for persistence unit 'default'
2024-12-02T11:49:56.327+05:30  INFO 10680 --- [EmployeeModel] [SpringApplicationShutdownHook] com.zaxxer.hikari.HikariDataSource       : HikariPool-1 - Shutdown initiated...
2024-12-02T11:49:56.329+05:30  INFO 10680 --- [EmployeeModel] [SpringApplicationShutdownHook] com.zaxxer.hikari.HikariDataSource       : HikariPool-1 - Shutdown completed.
2024-12-02T11:59:43.927+05:30  INFO 2160 --- [EmployeeModel] [main] com.example.EmployeeModelApplication     : Starting EmployeeModelApplication using Java 18.0.2 with PID 2160 (C:\Users\PUSHPAK\IdeaProjects\EmployeeModel\target\classes started by PUSHPAK in C:\Users\PUSHPAK\IdeaProjects\EmployeeModel)
2024-12-02T11:59:43.929+05:30 DEBUG 2160 --- [EmployeeModel] [main] com.example.EmployeeModelApplication     : Running with Spring Boot v3.3.5, Spring v6.1.14
2024-12-02T11:59:43.930+05:30  INFO 2160 --- [EmployeeModel] [main] com.example.EmployeeModelApplication     : The following 1 profile is active: "h2"
2024-12-02T11:59:44.694+05:30  INFO 2160 --- [EmployeeModel] [main] .s.d.r.c.RepositoryConfigurationDelegate : Bootstrapping Spring Data JPA repositories in DEFAULT mode.
2024-12-02T11:59:44.750+05:30  INFO 2160 --- [EmployeeModel] [main] .s.d.r.c.RepositoryConfigurationDelegate : Finished Spring Data repository scanning in 48 ms. Found 1 JPA repository interface.
2024-12-02T11:59:45.691+05:30  INFO 2160 --- [EmployeeModel] [main] o.s.b.w.embedded.tomcat.TomcatWebServer  : Tomcat initialized with port 8080 (http)
2024-12-02T11:59:45.713+05:30  INFO 2160 --- [EmployeeModel] [main] o.apache.catalina.core.StandardService   : Starting service [Tomcat]
2024-12-02T11:59:45.714+05:30  INFO 2160 --- [EmployeeModel] [main] o.apache.catalina.core.StandardEngine    : Starting Servlet engine: [Apache Tomcat/10.1.31]
2024-12-02T11:59:45.801+05:30  INFO 2160 --- [EmployeeModel] [main] o.a.c.c.C.[Tomcat].[localhost].[/]       : Initializing Spring embedded WebApplicationContext
2024-12-02T11:59:45.802+05:30  INFO 2160 --- [EmployeeModel] [main] w.s.c.ServletWebServerApplicationContext : Root WebApplicationContext: initialization completed in 1830 ms
2024-12-02T11:59:45.853+05:30  INFO 2160 --- [EmployeeModel] [main] com.zaxxer.hikari.HikariDataSource       : HikariPool-1 - Starting...
2024-12-02T11:59:46.075+05:30  INFO 2160 --- [EmployeeModel] [main] com.zaxxer.hikari.pool.HikariPool        : HikariPool-1 - Added connection conn0: url=jdbc:h2:mem:Employee_db user=SA
2024-12-02T11:59:46.076+05:30  INFO 2160 --- [EmployeeModel] [main] com.zaxxer.hikari.HikariDataSource       : HikariPool-1 - Start completed.
2024-12-02T11:59:46.086+05:30  INFO 2160 --- [EmployeeModel] [main] o.s.b.a.h2.H2ConsoleAutoConfiguration    : H2 console available at '/h2-console'. Database available at 'jdbc:h2:mem:Employee_db'
2024-12-02T11:59:46.276+05:30  INFO 2160 --- [EmployeeModel] [main] o.hibernate.jpa.internal.util.LogHelper  : HHH000204: Processing PersistenceUnitInfo [name: default]
2024-12-02T11:59:46.355+05:30  INFO 2160 --- [EmployeeModel] [main] org.hibernate.Version                    : HHH000412: Hibernate ORM core version 6.5.3.Final
2024-12-02T11:59:46.392+05:30  INFO 2160 --- [EmployeeModel] [main] o.h.c.internal.RegionFactoryInitiator    : HHH000026: Second-level cache disabled
2024-12-02T11:59:46.720+05:30  INFO 2160 --- [EmployeeModel] [main] o.s.o.j.p.SpringPersistenceUnitInfo      : No LoadTimeWeaver setup: ignoring JPA class transformer
2024-12-02T11:59:47.668+05:30  INFO 2160 --- [EmployeeModel] [main] o.h.e.t.j.p.i.JtaPlatformInitiator       : HHH000489: No JTA platform available (set 'hibernate.transaction.jta.platform' to enable JTA platform integration)
2024-12-02T11:59:47.706+05:30  INFO 2160 --- [EmployeeModel] [main] j.LocalContainerEntityManagerFactoryBean : Initialized JPA EntityManagerFactory for persistence unit 'default'
2024-12-02T11:59:48.419+05:30  WARN 2160 --- [EmployeeModel] [main] JpaBaseConfiguration$JpaWebConfiguration : spring.jpa.open-in-view is enabled by default. Therefore, database queries may be performed during view rendering. Explicitly configure spring.jpa.open-in-view to disable this warning
2024-12-02T11:59:49.189+05:30  INFO 2160 --- [EmployeeModel] [main] o.s.b.w.embedded.tomcat.TomcatWebServer  : Tomcat started on port 8080 (http) with context path '/'
2024-12-02T11:59:49.198+05:30  INFO 2160 --- [EmployeeModel] [main] com.example.EmployeeModelApplication     : Started EmployeeModelApplication in 5.744 seconds (process running for 6.206)
2024-12-02T11:59:49.201+05:30 ERROR 2160 --- [EmployeeModel] [main] com.example.EmployeeModelApplication     : Error
2024-12-02T11:59:49.201+05:30  INFO 2160 --- [EmployeeModel] [main] com.example.EmployeeModelApplication     : info
2024-12-02T11:59:49.201+05:30 DEBUG 2160 --- [EmployeeModel] [main] com.example.EmployeeModelApplication     : debug
2024-12-02T12:00:02.723+05:30  INFO 2160 --- [EmployeeModel] [http-nio-8080-exec-1] o.a.c.c.C.[Tomcat].[localhost].[/]       : Initializing Spring DispatcherServlet 'dispatcherServlet'
2024-12-02T12:00:02.723+05:30  INFO 2160 --- [EmployeeModel] [http-nio-8080-exec-1] o.s.web.servlet.DispatcherServlet        : Initializing Servlet 'dispatcherServlet'
2024-12-02T12:00:02.724+05:30  INFO 2160 --- [EmployeeModel] [http-nio-8080-exec-1] o.s.web.servlet.DispatcherServlet        : Completed initialization in 1 ms
2024-12-02T12:00:02.976+05:30  INFO 2160 --- [EmployeeModel] [http-nio-8080-exec-1] com.example.aspect.LoggingAspect         : Entering method: RequestDTO com.example.controller.MyController.addEmployee(RequestDTO) with arguments: [RequestDTO(emp_id=0, fName=Smit, lName=Deore, salary=75000.0, age=45, profilePic=https://example.com/profilepic.jpg, departments=[HR, Finance, Development], addresses=[Address(address_id=0, houseNo=123, street=Karanjad, city=Pune, state=ST Road, zipCode=10001, employee=null), Address(address_id=0, houseNo=456, street=Kumar surdhi, city=Los Angeles, state=CA, zipCode=90001, employee=null)], doj=null, notes=A highly skilled and diligent employee., gender=Male)]
2024-12-02T12:00:02.991+05:30 DEBUG 2160 --- [EmployeeModel] [http-nio-8080-exec-1] com.example.aspect.LoggingAspect         : Service method invoked: RequestDTO com.example.service.EmployeeServiceImp.addEmployee(RequestDTO) with arguments: [RequestDTO(emp_id=0, fName=Smit, lName=Deore, salary=75000.0, age=45, profilePic=https://example.com/profilepic.jpg, departments=[HR, Finance, Development], addresses=[Address(address_id=0, houseNo=123, street=Karanjad, city=Pune, state=ST Road, zipCode=10001, employee=null), Address(address_id=0, houseNo=456, street=Kumar surdhi, city=Los Angeles, state=CA, zipCode=90001, employee=null)], doj=null, notes=A highly skilled and diligent employee., gender=Male)]
2024-12-02T12:00:03.167+05:30 DEBUG 2160 --- [EmployeeModel] [http-nio-8080-exec-1] com.example.aspect.LoggingAspect         : Service method finished: RequestDTO com.example.service.EmployeeServiceImp.addEmployee(RequestDTO) with result: [FAILED toString()]
2024-12-02T12:00:03.196+05:30  INFO 2160 --- [EmployeeModel] [http-nio-8080-exec-1] com.example.aspect.LoggingAspect         : Exiting method: RequestDTO com.example.controller.MyController.addEmployee(RequestDTO) with result: [FAILED toString()]
2024-12-02T12:00:07.799+05:30  INFO 2160 --- [EmployeeModel] [http-nio-8080-exec-3] com.example.aspect.LoggingAspect         : Entering method: RequestDTO com.example.controller.MyController.addEmployee(RequestDTO) with arguments: [RequestDTO(emp_id=0, fName=Smit, lName=Deore, salary=75000.0, age=45, profilePic=https://example.com/profilepic.jpg, departments=[HR, Finance, Development], addresses=[Address(address_id=0, houseNo=123, street=Karanjad, city=Pune, state=ST Road, zipCode=10001, employee=null), Address(address_id=0, houseNo=456, street=Kumar surdhi, city=Los Angeles, state=CA, zipCode=90001, employee=null)], doj=null, notes=A highly skilled and diligent employee., gender=Male)]
2024-12-02T12:00:07.800+05:30 DEBUG 2160 --- [EmployeeModel] [http-nio-8080-exec-3] com.example.aspect.LoggingAspect         : Service method invoked: RequestDTO com.example.service.EmployeeServiceImp.addEmployee(RequestDTO) with arguments: [RequestDTO(emp_id=0, fName=Smit, lName=Deore, salary=75000.0, age=45, profilePic=https://example.com/profilepic.jpg, departments=[HR, Finance, Development], addresses=[Address(address_id=0, houseNo=123, street=Karanjad, city=Pune, state=ST Road, zipCode=10001, employee=null), Address(address_id=0, houseNo=456, street=Kumar surdhi, city=Los Angeles, state=CA, zipCode=90001, employee=null)], doj=null, notes=A highly skilled and diligent employee., gender=Male)]
2024-12-02T12:00:07.807+05:30 DEBUG 2160 --- [EmployeeModel] [http-nio-8080-exec-3] com.example.aspect.LoggingAspect         : Service method finished: RequestDTO com.example.service.EmployeeServiceImp.addEmployee(RequestDTO) with result: [FAILED toString()]
2024-12-02T12:00:07.819+05:30  INFO 2160 --- [EmployeeModel] [http-nio-8080-exec-3] com.example.aspect.LoggingAspect         : Exiting method: RequestDTO com.example.controller.MyController.addEmployee(RequestDTO) with result: [FAILED toString()]
2024-12-02T12:00:08.635+05:30  INFO 2160 --- [EmployeeModel] [http-nio-8080-exec-4] com.example.aspect.LoggingAspect         : Entering method: RequestDTO com.example.controller.MyController.addEmployee(RequestDTO) with arguments: [RequestDTO(emp_id=0, fName=Smit, lName=Deore, salary=75000.0, age=45, profilePic=https://example.com/profilepic.jpg, departments=[HR, Finance, Development], addresses=[Address(address_id=0, houseNo=123, street=Karanjad, city=Pune, state=ST Road, zipCode=10001, employee=null), Address(address_id=0, houseNo=456, street=Kumar surdhi, city=Los Angeles, state=CA, zipCode=90001, employee=null)], doj=null, notes=A highly skilled and diligent employee., gender=Male)]
2024-12-02T12:00:08.636+05:30 DEBUG 2160 --- [EmployeeModel] [http-nio-8080-exec-4] com.example.aspect.LoggingAspect         : Service method invoked: RequestDTO com.example.service.EmployeeServiceImp.addEmployee(RequestDTO) with arguments: [RequestDTO(emp_id=0, fName=Smit, lName=Deore, salary=75000.0, age=45, profilePic=https://example.com/profilepic.jpg, departments=[HR, Finance, Development], addresses=[Address(address_id=0, houseNo=123, street=Karanjad, city=Pune, state=ST Road, zipCode=10001, employee=null), Address(address_id=0, houseNo=456, street=Kumar surdhi, city=Los Angeles, state=CA, zipCode=90001, employee=null)], doj=null, notes=A highly skilled and diligent employee., gender=Male)]
2024-12-02T12:00:08.640+05:30 DEBUG 2160 --- [EmployeeModel] [http-nio-8080-exec-4] com.example.aspect.LoggingAspect         : Service method finished: RequestDTO com.example.service.EmployeeServiceImp.addEmployee(RequestDTO) with result: [FAILED toString()]
2024-12-02T12:00:08.647+05:30  INFO 2160 --- [EmployeeModel] [http-nio-8080-exec-4] com.example.aspect.LoggingAspect         : Exiting method: RequestDTO com.example.controller.MyController.addEmployee(RequestDTO) with result: [FAILED toString()]
2024-12-02T12:00:09.363+05:30  INFO 2160 --- [EmployeeModel] [http-nio-8080-exec-5] com.example.aspect.LoggingAspect         : Entering method: RequestDTO com.example.controller.MyController.addEmployee(RequestDTO) with arguments: [RequestDTO(emp_id=0, fName=Smit, lName=Deore, salary=75000.0, age=45, profilePic=https://example.com/profilepic.jpg, departments=[HR, Finance, Development], addresses=[Address(address_id=0, houseNo=123, street=Karanjad, city=Pune, state=ST Road, zipCode=10001, employee=null), Address(address_id=0, houseNo=456, street=Kumar surdhi, city=Los Angeles, state=CA, zipCode=90001, employee=null)], doj=null, notes=A highly skilled and diligent employee., gender=Male)]
2024-12-02T12:00:09.365+05:30 DEBUG 2160 --- [EmployeeModel] [http-nio-8080-exec-5] com.example.aspect.LoggingAspect         : Service method invoked: RequestDTO com.example.service.EmployeeServiceImp.addEmployee(RequestDTO) with arguments: [RequestDTO(emp_id=0, fName=Smit, lName=Deore, salary=75000.0, age=45, profilePic=https://example.com/profilepic.jpg, departments=[HR, Finance, Development], addresses=[Address(address_id=0, houseNo=123, street=Karanjad, city=Pune, state=ST Road, zipCode=10001, employee=null), Address(address_id=0, houseNo=456, street=Kumar surdhi, city=Los Angeles, state=CA, zipCode=90001, employee=null)], doj=null, notes=A highly skilled and diligent employee., gender=Male)]
2024-12-02T12:00:09.369+05:30 DEBUG 2160 --- [EmployeeModel] [http-nio-8080-exec-5] com.example.aspect.LoggingAspect         : Service method finished: RequestDTO com.example.service.EmployeeServiceImp.addEmployee(RequestDTO) with result: [FAILED toString()]
2024-12-02T12:00:09.380+05:30  INFO 2160 --- [EmployeeModel] [http-nio-8080-exec-5] com.example.aspect.LoggingAspect         : Exiting method: RequestDTO com.example.controller.MyController.addEmployee(RequestDTO) with result: [FAILED toString()]
2024-12-02T12:00:11.463+05:30  INFO 2160 --- [EmployeeModel] [http-nio-8080-exec-6] com.example.aspect.LoggingAspect         : Entering method: RequestDTO com.example.controller.MyController.addEmployee(RequestDTO) with arguments: [RequestDTO(emp_id=0, fName=Smit, lName=Deore, salary=75000.0, age=45, profilePic=https://example.com/profilepic.jpg, departments=[HR, Finance, Development], addresses=[Address(address_id=0, houseNo=123, street=Karanjad, city=Pune, state=ST Road, zipCode=10001, employee=null), Address(address_id=0, houseNo=456, street=Kumar surdhi, city=Los Angeles, state=CA, zipCode=90001, employee=null)], doj=null, notes=A highly skilled and diligent employee., gender=Male)]
2024-12-02T12:00:11.463+05:30 DEBUG 2160 --- [EmployeeModel] [http-nio-8080-exec-6] com.example.aspect.LoggingAspect         : Service method invoked: RequestDTO com.example.service.EmployeeServiceImp.addEmployee(RequestDTO) with arguments: [RequestDTO(emp_id=0, fName=Smit, lName=Deore, salary=75000.0, age=45, profilePic=https://example.com/profilepic.jpg, departments=[HR, Finance, Development], addresses=[Address(address_id=0, houseNo=123, street=Karanjad, city=Pune, state=ST Road, zipCode=10001, employee=null), Address(address_id=0, houseNo=456, street=Kumar surdhi, city=Los Angeles, state=CA, zipCode=90001, employee=null)], doj=null, notes=A highly skilled and diligent employee., gender=Male)]
2024-12-02T12:00:11.467+05:30 DEBUG 2160 --- [EmployeeModel] [http-nio-8080-exec-6] com.example.aspect.LoggingAspect         : Service method finished: RequestDTO com.example.service.EmployeeServiceImp.addEmployee(RequestDTO) with result: [FAILED toString()]
2024-12-02T12:00:11.473+05:30  INFO 2160 --- [EmployeeModel] [http-nio-8080-exec-6] com.example.aspect.LoggingAspect         : Exiting method: RequestDTO com.example.controller.MyController.addEmployee(RequestDTO) with result: [FAILED toString()]
2024-12-02T12:00:18.404+05:30  INFO 2160 --- [EmployeeModel] [http-nio-8080-exec-7] com.example.aspect.LoggingAspect         : Entering method: RequestDTO com.example.controller.MyController.getEmployeeById(long) with arguments: [1]
2024-12-02T12:00:18.405+05:30 DEBUG 2160 --- [EmployeeModel] [http-nio-8080-exec-7] com.example.aspect.LoggingAspect         : Service method invoked: RequestDTO com.example.service.EmployeeServiceImp.getEmployeeById(long) with arguments: [1]
2024-12-02T12:00:18.466+05:30 DEBUG 2160 --- [EmployeeModel] [http-nio-8080-exec-7] com.example.aspect.LoggingAspect         : Service method finished: RequestDTO com.example.service.EmployeeServiceImp.getEmployeeById(long) with result: [FAILED toString()]
2024-12-02T12:00:18.473+05:30  INFO 2160 --- [EmployeeModel] [http-nio-8080-exec-7] com.example.aspect.LoggingAspect         : Exiting method: RequestDTO com.example.controller.MyController.getEmployeeById(long) with result: [FAILED toString()]
2024-12-02T12:00:22.724+05:30  INFO 2160 --- [EmployeeModel] [http-nio-8080-exec-8] com.example.aspect.LoggingAspect         : Entering method: List com.example.controller.MyController.getAllEmployee() with arguments: []
2024-12-02T12:00:22.725+05:30 DEBUG 2160 --- [EmployeeModel] [http-nio-8080-exec-8] com.example.aspect.LoggingAspect         : Service method invoked: List com.example.service.EmployeeServiceImp.getAllEmployee() with arguments: []
2024-12-02T12:00:22.861+05:30 DEBUG 2160 --- [EmployeeModel] [http-nio-8080-exec-8] com.example.aspect.LoggingAspect         : Service method finished: List com.example.service.EmployeeServiceImp.getAllEmployee() with result: [FAILED toString()]
2024-12-02T12:00:22.868+05:30  INFO 2160 --- [EmployeeModel] [http-nio-8080-exec-8] com.example.aspect.LoggingAspect         : Exiting method: List com.example.controller.MyController.getAllEmployee() with result: [FAILED toString()]
2024-12-02T12:00:30.869+05:30  INFO 2160 --- [EmployeeModel] [http-nio-8080-exec-9] com.example.aspect.LoggingAspect         : Entering method: void com.example.controller.MyController.deleteEmplyeeById(long) with arguments: [1]
2024-12-02T12:00:30.870+05:30 DEBUG 2160 --- [EmployeeModel] [http-nio-8080-exec-9] com.example.aspect.LoggingAspect         : Service method invoked: void com.example.service.EmployeeServiceImp.deleteEmployeeById(long) with arguments: [1]
2024-12-02T12:00:30.897+05:30 DEBUG 2160 --- [EmployeeModel] [http-nio-8080-exec-9] com.example.aspect.LoggingAspect         : Service method finished: void com.example.service.EmployeeServiceImp.deleteEmployeeById(long) with result: null
2024-12-02T12:00:30.897+05:30  INFO 2160 --- [EmployeeModel] [http-nio-8080-exec-9] com.example.aspect.LoggingAspect         : Exiting method: void com.example.controller.MyController.deleteEmplyeeById(long) with result: null
2024-12-02T12:00:40.308+05:30  INFO 2160 --- [EmployeeModel] [http-nio-8080-exec-10] com.example.aspect.LoggingAspect         : Entering method: List com.example.controller.MyController.getAllEmployee() with arguments: []
2024-12-02T12:00:40.309+05:30 DEBUG 2160 --- [EmployeeModel] [http-nio-8080-exec-10] com.example.aspect.LoggingAspect         : Service method invoked: List com.example.service.EmployeeServiceImp.getAllEmployee() with arguments: []
2024-12-02T12:00:40.314+05:30 DEBUG 2160 --- [EmployeeModel] [http-nio-8080-exec-10] com.example.aspect.LoggingAspect         : Service method finished: List com.example.service.EmployeeServiceImp.getAllEmployee() with result: [FAILED toString()]
2024-12-02T12:00:40.324+05:30  INFO 2160 --- [EmployeeModel] [http-nio-8080-exec-10] com.example.aspect.LoggingAspect         : Exiting method: List com.example.controller.MyController.getAllEmployee() with result: [FAILED toString()]
2024-12-02T12:00:48.014+05:30  INFO 2160 --- [EmployeeModel] [http-nio-8080-exec-2] com.example.aspect.LoggingAspect         : Entering method: RequestDTO com.example.controller.MyController.getEmployeeById(long) with arguments: [10]
2024-12-02T12:00:48.015+05:30 DEBUG 2160 --- [EmployeeModel] [http-nio-8080-exec-2] com.example.aspect.LoggingAspect         : Service method invoked: RequestDTO com.example.service.EmployeeServiceImp.getEmployeeById(long) with arguments: [10]
2024-12-02T12:00:48.019+05:30 ERROR 2160 --- [EmployeeModel] [http-nio-8080-exec-2] com.example.aspect.LoggingAspect         : Exception in method: RequestDTO com.example.controller.MyController.getEmployeeById(long) with message: ID not found
2024-12-02T12:54:43.501+05:30  WARN 2160 --- [EmployeeModel] [HikariPool-1 housekeeper] com.zaxxer.hikari.pool.HikariPool        : HikariPool-1 - Thread starvation or clock leap detected (housekeeper delta=45m27s143ms72s400ns).
2024-12-02T13:05:38.410+05:30  INFO 2160 --- [EmployeeModel] [SpringApplicationShutdownHook] j.LocalContainerEntityManagerFactoryBean : Closing JPA EntityManagerFactory for persistence unit 'default'
2024-12-02T13:05:38.434+05:30  INFO 2160 --- [EmployeeModel] [SpringApplicationShutdownHook] com.zaxxer.hikari.HikariDataSource       : HikariPool-1 - Shutdown initiated...
2024-12-02T13:05:38.441+05:30  INFO 2160 --- [EmployeeModel] [SpringApplicationShutdownHook] com.zaxxer.hikari.HikariDataSource       : HikariPool-1 - Shutdown completed.
